# JRE version: OpenJDK Runtime Environment (8.0_112-b06) (build 1.8.0_112-release-b06)
# Java VM: OpenJDK 64-Bit Server VM (25.112-b06 mixed mode windows-amd64 compressed oops)
Heap:
 PSYoungGen      total 50176K, used 5188K [0x00000000eab00000, 0x00000000ef000000, 0x0000000100000000)
  eden space 44032K, 11% used [0x00000000eab00000,0x00000000eb011320,0x00000000ed600000)
  from space 6144K, 0% used [0x00000000ed600000,0x00000000ed600000,0x00000000edc00000)
  to   space 6144K, 0% used [0x00000000eea00000,0x00000000eea00000,0x00000000ef000000)
 ParOldGen       total 49152K, used 16757K [0x00000000c0000000, 0x00000000c3000000, 0x00000000eab00000)
  object space 49152K, 34% used [0x00000000c0000000,0x00000000c105d7a8,0x00000000c3000000)
 Metaspace       used 34668K, capacity 35372K, committed 35712K, reserved 1079296K
  class space    used 4670K, capacity 4877K, committed 4992K, reserved 1048576K
GC Heap History (10 events):
Event: 27.832 GC heap before
{Heap before GC invocations=13 (full 1):
 PSYoungGen      total 30208K, used 26864K [0x00000000eab00000, 0x00000000ed880000, 0x0000000100000000)
  eden space 23552K, 100% used [0x00000000eab00000,0x00000000ec200000,0x00000000ec200000)
  from space 6656K, 49% used [0x00000000ec200000,0x00000000ec53c328,0x00000000ec880000)
  to   space 6656K, 0% used [0x00000000ed200000,0x00000000ed200000,0x00000000ed880000)
 ParOldGen       total 31232K, used 9006K [0x00000000c0000000, 0x00000000c1e80000, 0x00000000eab00000)
  object space 31232K, 28% used [0x00000000c0000000,0x00000000c08cbbb8,0x00000000c1e80000)
 Metaspace       used 27176K, capacity 27706K, committed 27776K, reserved 1073152K
  class space    used 3786K, capacity 3916K, committed 3968K, reserved 1048576K
Event: 27.851 GC heap after
Heap after GC invocations=13 (full 1):
 PSYoungGen      total 38912K, used 3037K [0x00000000eab00000, 0x00000000ed780000, 0x0000000100000000)
  eden space 33280K, 0% used [0x00000000eab00000,0x00000000eab00000,0x00000000ecb80000)
  from space 5632K, 53% used [0x00000000ed200000,0x00000000ed4f77e8,0x00000000ed780000)
  to   space 6144K, 0% used [0x00000000ecb80000,0x00000000ecb80000,0x00000000ed180000)
 ParOldGen       total 31232K, used 10419K [0x00000000c0000000, 0x00000000c1e80000, 0x00000000eab00000)
  object space 31232K, 33% used [0x00000000c0000000,0x00000000c0a2cc08,0x00000000c1e80000)
 Metaspace       used 27176K, capacity 27706K, committed 27776K, reserved 1073152K
  class space    used 3786K, capacity 3916K, committed 3968K, reserved 1048576K
}
Event: 30.491 GC heap before
{Heap before GC invocations=14 (full 1):
 PSYoungGen      total 38912K, used 36317K [0x00000000eab00000, 0x00000000ed780000, 0x0000000100000000)
  eden space 33280K, 100% used [0x00000000eab00000,0x00000000ecb80000,0x00000000ecb80000)
  from space 5632K, 53% used [0x00000000ed200000,0x00000000ed4f77e8,0x00000000ed780000)
  to   space 6144K, 0% used [0x00000000ecb80000,0x00000000ecb80000,0x00000000ed180000)
 ParOldGen       total 31232K, used 10419K [0x00000000c0000000, 0x00000000c1e80000, 0x00000000eab00000)
  object space 31232K, 33% used [0x00000000c0000000,0x00000000c0a2cc08,0x00000000c1e80000)
 Metaspace       used 29662K, capacity 30288K, committed 30464K, reserved 1075200K
  class space    used 4064K, capacity 4242K, committed 4352K, reserved 1048576K
Event: 30.501 GC heap after
Heap after GC invocations=14 (full 1):
 PSYoungGen      total 39424K, used 1736K [0x00000000eab00000, 0x00000000ee480000, 0x0000000100000000)
  eden space 33280K, 0% used [0x00000000eab00000,0x00000000eab00000,0x00000000ecb80000)
  from space 6144K, 28% used [0x00000000ecb80000,0x00000000ecd323b0,0x00000000ed180000)
  to   space 6656K, 0% used [0x00000000ede00000,0x00000000ede00000,0x00000000ee480000)
 ParOldGen       total 31232K, used 12075K [0x00000000c0000000, 0x00000000c1e80000, 0x00000000eab00000)
  object space 31232K, 38% used [0x00000000c0000000,0x00000000c0bcac08,0x00000000c1e80000)
 Metaspace       used 29662K, capacity 30288K, committed 30464K, reserved 1075200K
  class space    used 4064K, capacity 4242K, committed 4352K, reserved 1048576K
}
Event: 41.534 GC heap before
{Heap before GC invocations=15 (full 1):
 PSYoungGen      total 39424K, used 35016K [0x00000000eab00000, 0x00000000ee480000, 0x0000000100000000)
  eden space 33280K, 100% used [0x00000000eab00000,0x00000000ecb80000,0x00000000ecb80000)
  from space 6144K, 28% used [0x00000000ecb80000,0x00000000ecd323b0,0x00000000ed180000)
  to   space 6656K, 0% used [0x00000000ede00000,0x00000000ede00000,0x00000000ee480000)
 ParOldGen       total 31232K, used 12075K [0x00000000c0000000, 0x00000000c1e80000, 0x00000000eab00000)
  object space 31232K, 38% used [0x00000000c0000000,0x00000000c0bcac08,0x00000000c1e80000)
 Metaspace       used 31048K, capacity 31716K, committed 31872K, reserved 1077248K
  class space    used 4224K, capacity 4421K, committed 4480K, reserved 1048576K
Event: 41.548 GC heap after
Heap after GC invocations=15 (full 1):
 PSYoungGen      total 48128K, used 2632K [0x00000000eab00000, 0x00000000ee200000, 0x0000000100000000)
  eden space 44032K, 0% used [0x00000000eab00000,0x00000000eab00000,0x00000000ed600000)
  from space 4096K, 64% used [0x00000000ede00000,0x00000000ee092210,0x00000000ee200000)
  to   space 6144K, 0% used [0x00000000ed600000,0x00000000ed600000,0x00000000edc00000)
 ParOldGen       total 31232K, used 12771K [0x00000000c0000000, 0x00000000c1e80000, 0x00000000eab00000)
  object space 31232K, 40% used [0x00000000c0000000,0x00000000c0c78c28,0x00000000c1e80000)
 Metaspace       used 31048K, capacity 31716K, committed 31872K, reserved 1077248K
  class space    used 4224K, capacity 4421K, committed 4480K, reserved 1048576K
}
Event: 42.867 GC heap before
{Heap before GC invocations=16 (full 1):
 PSYoungGen      total 48128K, used 36404K [0x00000000eab00000, 0x00000000ee200000, 0x0000000100000000)
  eden space 44032K, 76% used [0x00000000eab00000,0x00000000ecbfb0a8,0x00000000ed600000)
  from space 4096K, 64% used [0x00000000ede00000,0x00000000ee092210,0x00000000ee200000)
  to   space 6144K, 0% used [0x00000000ed600000,0x00000000ed600000,0x00000000edc00000)
 ParOldGen       total 31232K, used 12771K [0x00000000c0000000, 0x00000000c1e80000, 0x00000000eab00000)
  object space 31232K, 40% used [0x00000000c0000000,0x00000000c0c78c28,0x00000000c1e80000)
 Metaspace       used 34646K, capacity 35244K, committed 35456K, reserved 1079296K
  class space    used 4668K, capacity 4877K, committed 4992K, reserved 1048576K
Event: 42.881 GC heap after
Heap after GC invocations=16 (full 1):
 PSYoungGen      total 50176K, used 3924K [0x00000000eab00000, 0x00000000ef000000, 0x0000000100000000)
  eden space 44032K, 0% used [0x00000000eab00000,0x00000000eab00000,0x00000000ed600000)
  from space 6144K, 63% used [0x00000000ed600000,0x00000000ed9d53e0,0x00000000edc00000)
  to   space 6144K, 0% used [0x00000000eea00000,0x00000000eea00000,0x00000000ef000000)
 ParOldGen       total 31232K, used 14451K [0x00000000c0000000, 0x00000000c1e80000, 0x00000000eab00000)
  object space 31232K, 46% used [0x00000000c0000000,0x00000000c0e1cc78,0x00000000c1e80000)
 Metaspace       used 34646K, capacity 35244K, committed 35456K, reserved 1079296K
  class space    used 4668K, capacity 4877K, committed 4992K, reserved 1048576K
}
Event: 42.881 GC heap before
{Heap before GC invocations=17 (full 2):
 PSYoungGen      total 50176K, used 3924K [0x00000000eab00000, 0x00000000ef000000, 0x0000000100000000)
  eden space 44032K, 0% used [0x00000000eab00000,0x00000000eab00000,0x00000000ed600000)
  from space 6144K, 63% used [0x00000000ed600000,0x00000000ed9d53e0,0x00000000edc00000)
  to   space 6144K, 0% used [0x00000000eea00000,0x00000000eea00000,0x00000000ef000000)
 ParOldGen       total 31232K, used 14451K [0x00000000c0000000, 0x00000000c1e80000, 0x00000000eab00000)
  object space 31232K, 46% used [0x00000000c0000000,0x00000000c0e1cc78,0x00000000c1e80000)
 Metaspace       used 34646K, capacity 35244K, committed 35456K, reserved 1079296K
  class space    used 4668K, capacity 4877K, committed 4992K, reserved 1048576K
Event: 43.024 GC heap after
Heap after GC invocations=17 (full 2):
 PSYoungGen      total 50176K, used 0K [0x00000000eab00000, 0x00000000ef000000, 0x0000000100000000)
  eden space 44032K, 0% used [0x00000000eab00000,0x00000000eab00000,0x00000000ed600000)
  from space 6144K, 0% used [0x00000000ed600000,0x00000000ed600000,0x00000000edc00000)
  to   space 6144K, 0% used [0x00000000eea00000,0x00000000eea00000,0x00000000ef000000)
 ParOldGen       total 49152K, used 16757K [0x00000000c0000000, 0x00000000c3000000, 0x00000000eab00000)
  object space 49152K, 34% used [0x00000000c0000000,0x00000000c105d7a8,0x00000000c3000000)
 Metaspace       used 34646K, capacity 35244K, committed 35456K, reserved 1079296K
  class space    used 4668K, capacity 4877K, committed 4992K, reserved 1048576K
}

